Added Component: Designator=J10(SAMTEC_MTSW-101-09-T-D-231-LL)
Add component (AddParameter): Name = "Availability"; Value = "Unavailable"; VariantName = "[No Variations]"
Add component (AddParameter): Name = "MF"; Value = ""; VariantName = "[No Variations]"
Add component (AddParameter): Name = "MP"; Value = "MTSW-101-09-T-D-231-LL"; VariantName = "[No Variations]"
Add component (AddParameter): Name = "Package"; Value = "None"; VariantName = "[No Variations]"
Add component (AddParameter): Name = "Price"; Value = "None"; VariantName = "[No Variations]"
Add component (AddParameter): Name = "Value"; Value = ""; VariantName = "[No Variations]"
Added Component: Designator=J11(SAMTEC_MTSW-101-09-T-D-231-LL)
Add component (AddParameter): Name = "Availability"; Value = "Unavailable"; VariantName = "[No Variations]"
Add component (AddParameter): Name = "MF"; Value = ""; VariantName = "[No Variations]"
Add component (AddParameter): Name = "MP"; Value = "MTSW-101-09-T-D-231-LL"; VariantName = "[No Variations]"
Add component (AddParameter): Name = "Package"; Value = "None"; VariantName = "[No Variations]"
Add component (AddParameter): Name = "Price"; Value = "None"; VariantName = "[No Variations]"
Add component (AddParameter): Name = "Value"; Value = ""; VariantName = "[No Variations]"
Added Pin To Net: NetName=GND Pin=J10-02
Added Pin To Net: NetName=GND Pin=J11-02
Added Pin To Net: NetName=GRN LED Pin=J11-01
Added Pin To Net: NetName=GRN LED Pin=U9-28
Added Net: Name=GRN LED
Added Pin To Net: NetName=RED LED Pin=J10-01
Added Pin To Net: NetName=RED LED Pin=U9-27
Added Net: Name=RED LED
Added Member To Class: ClassName=JD_BopIt_Schematic Member=Component J10 MTSW-101-09-T-D-231-LL
Added Member To Class: ClassName=JD_BopIt_Schematic Member=Component J11 MTSW-101-09-T-D-231-LL
